  [DB DETECT] 241-15-552_Sabbir_1.jpg face box: (np.int64(290), np.int64(523), np.int64(607), np.int64(970)), confidence: 1.00
  [OK] Loaded: 241-15-552 - Sabbir
  [DB DETECT] 241-15-552_Sabbir_2.jpg face box: (np.int64(253), np.int64(480), np.int64(578), np.int64(936)), confidence: 0.99
  [OK] Loaded: 241-15-552 - Sabbir
  [DB DETECT] 241-15-552_Sabbir_3.jpg face box: (np.int64(354), np.int64(465), np.int64(669), np.int64(943)), confidence: 0.84
  [OK] Loaded: 241-15-552 - Sabbir
  [DB DETECT] 241-15-552_Sabbir_4.jpg face box: (np.int64(390), np.int64(447), np.int64(693), np.int64(934)), confidence: 0.99
  [OK] Loaded: 241-15-552 - Sabbir
  [DB DETECT] 241-15-552_Sabbir_5.jpg face box: (np.int64(239), np.int64(444), np.int64(567), np.int64(932)), confidence: 0.98
  [OK] Loaded: 241-15-552 - Sabbir
  [DB DETECT] 241-15-552_Sabbir_6.jpg face box: (np.int64(321), np.int64(535), np.int64(635), np.int64(1008)), confidence: 1.00
  [OK] Loaded: 241-15-552 - Sabbir
  [DB DETECT] 241-15-582_Saif_1.jpg face box: (np.int64(218), np.int64(207), np.int64(620), np.int64(780)), confidence: 1.00
  [OK] Loaded: 241-15-582 - Saif
  [DB DETECT] 241-15-582_Saif_2.jpg face box: (np.int64(378), np.int64(247), np.int64(761), np.int64(793)), confidence: 1.00
  [OK] Loaded: 241-15-582 - Saif
  [DB DETECT] 241-15-582_Saif_3.jpg face box: (np.int64(290), np.int64(177), np.int64(677), np.int64(721)), confidence: 1.00
  [OK] Loaded: 241-15-582 - Saif
  [DB DETECT] 241-15-582_Saif_4.jpg face box: (np.int64(281), np.int64(310), np.int64(623), np.int64(744)), confidence: 1.00
  [OK] Loaded: 241-15-582 - Saif
  [DB DETECT] 241-15-582_Saif_5.jpg face box: (np.int64(354), np.int64(358), np.int64(718), np.int64(852)), confidence: 1.00
  [OK] Loaded: 241-15-582 - Saif
  [DB DETECT] 241-15-582_Saif_6.jpg face box: (np.int64(326), np.int64(221), np.int64(701), np.int64(749)), confidence: 1.00
  [OK] Loaded: 241-15-582 - Saif
  [DB DETECT] 241-15-869_Sabab_1.jpg face box: (np.int64(347), np.int64(267), np.int64(724), np.int64(797)), confidence: 1.00
  [OK] Loaded: 241-15-869 - Sabab
  [DB DETECT] 241-15-869_Sabab_2.jpg face box: (np.int64(268), np.int64(226), np.int64(682), np.int64(787)), confidence: 1.00
  [OK] Loaded: 241-15-869 - Sabab
  [DB DETECT] 241-15-869_Sabab_3.jpg face box: (np.int64(267), np.int64(282), np.int64(662), np.int64(786)), confidence: 1.00
  [OK] Loaded: 241-15-869 - Sabab
[SUCCESS] Total 15 faces loaded successfully!
[AI CORE DEBUG] Live face matches: ['Sabbir: 0.714', 'Sabbir: 0.718', 'Sabbir: 0.656', 'Sabbir: 0.718', 'Sabbir: 0.723', 'Sabbir: 0.694', 'Saif: 0.758', 'Saif: 0.709', 'Saif: 0.751', 'Saif: 0.739', 'Saif: 0.738', 'Saif: 0.697', 'Sabab: 0.730', 'Sabab: 0.677', 'Sabab: 0.732']
[AI CORE DEBUG] Live face matches: ['Sabbir: 0.745', 'Sabbir: 0.745', 'Sabbir: 0.678', 'Sabbir: 0.768', 'Sabbir: 0.770', 'Sabbir: 0.734', 'Saif: 0.772', 'Saif: 0.729', 'Saif: 0.768', 'Saif: 0.755', 'Saif: 0.769', 'Saif: 0.724', 'Sabab: 0.752', 'Sabab: 0.696', 'Sabab: 0.746']
[AI CORE DEBUG] Live face matches: ['Sabbir: 0.688', 'Sabbir: 0.698', 'Sabbir: 0.669', 'Sabbir: 0.702', 'Sabbir: 0.699', 'Sabbir: 0.677', 'Saif: 0.763', 'Saif: 0.739', 'Saif: 0.764', 'Saif: 0.765', 'Saif: 0.772', 'Saif: 0.743', 'Sabab: 0.753', 'Sabab: 0.701', 'Sabab: 0.739']
[AI CORE DEBUG] Live face matches: ['Sabbir: 0.746', 'Sabbir: 0.749', 'Sabbir: 0.687', 'Sabbir: 0.731', 'Sabbir: 0.742', 'Sabbir: 0.729', 'Saif: 0.804', 'Saif: 0.777', 'Saif: 0.810', 'Saif: 0.807', 'Saif: 0.803', 'Saif: 0.788', 'Sabab: 0.775', 'Sabab: 0.735', 'Sabab: 0.776']
[AI CORE DEBUG] Live face matches: ['Sabbir: 0.712', 'Sabbir: 0.733', 'Sabbir: 0.665', 'Sabbir: 0.740', 'Sabbir: 0.746', 'Sabbir: 0.722', 'Saif: 0.775', 'Saif: 0.771', 'Saif: 0.783', 'Saif: 0.734', 'Saif: 0.731', 'Saif: 0.740', 'Sabab: 0.810', 'Sabab: 0.743', 'Sabab: 0.830']
[AI CORE DEBUG] Live face matches: ['Sabbir: 0.761', 'Sabbir: 0.777', 'Sabbir: 0.749', 'Sabbir: 0.781', 'Sabbir: 0.799', 'Sabbir: 0.767', 'Saif: 0.807', 'Saif: 0.784', 'Saif: 0.815', 'Saif: 0.774', 'Saif: 0.744', 'Saif: 0.778', 'Sabab: 0.822', 'Sabab: 0.793', 'Sabab: 0.839']
[AI CORE DEBUG] Live face matches: ['Sabbir: 0.685', 'Sabbir: 0.702', 'Sabbir: 0.674', 'Sabbir: 0.703', 'Sabbir: 0.715', 'Sabbir: 0.702', 'Saif: 0.729', 'Saif: 0.698', 'Saif: 0.726', 'Saif: 0.731', 'Saif: 0.681', 'Saif: 0.708', 'Sabab: 0.748', 'Sabab: 0.702', 'Sabab: 0.761']
[AI CORE DEBUG] Live face matches: ['Sabbir: 0.519', 'Sabbir: 0.540', 'Sabbir: 0.509', 'Sabbir: 0.546', 'Sabbir: 0.590', 'Sabbir: 0.575', 'Saif: 0.656', 'Saif: 0.677', 'Saif: 0.672', 'Saif: 0.649', 'Saif: 0.605', 'Saif: 0.644', 'Sabab: 0.676', 'Sabab: 0.637', 'Sabab: 0.686']
[AI CORE DEBUG] Live face matches: ['Sabbir: 0.731', 'Sabbir: 0.732', 'Sabbir: 0.763', 'Sabbir: 0.726', 'Sabbir: 0.779', 'Sabbir: 0.733', 'Saif: 0.753', 'Saif: 0.757', 'Saif: 0.741', 'Saif: 0.762', 'Saif: 0.741', 'Saif: 0.724', 'Sabab: 0.783', 'Sabab: 0.751', 'Sabab: 0.755']
[AI CORE DEBUG] Live face matches: ['Sabbir: 0.811', 'Sabbir: 0.814', 'Sabbir: 0.843', 'Sabbir: 0.805', 'Sabbir: 0.821', 'Sabbir: 0.800', 'Saif: 0.803', 'Saif: 0.813', 'Saif: 0.799', 'Saif: 0.827', 'Saif: 0.821', 'Saif: 0.779', 'Sabab: 0.845', 'Sabab: 0.831', 'Sabab: 0.801']
[AI CORE DEBUG] Live face matches: ['Sabbir: 0.762', 'Sabbir: 0.744', 'Sabbir: 0.781', 'Sabbir: 0.753', 'Sabbir: 0.801', 'Sabbir: 0.757', 'Saif: 0.803', 'Saif: 0.802', 'Saif: 0.785', 'Saif: 0.806', 'Saif: 0.759', 'Saif: 0.762', 'Sabab: 0.838', 'Sabab: 0.780', 'Sabab: 0.810']
[AI CORE DEBUG] Live face matches: ['Sabbir: 0.413', 'Sabbir: 0.415', 'Sabbir: 0.463', 'Sabbir: 0.434', 'Sabbir: 0.442', 'Sabbir: 0.499', 'Saif: 0.650', 'Saif: 0.667', 'Saif: 0.664', 'Saif: 0.590', 'Saif: 0.584', 'Saif: 0.597', 'Sabab: 0.638', 'Sabab: 0.593', 'Sabab: 0.657']
[AI CORE DEBUG] Live face matches: ['Sabbir: 0.409', 'Sabbir: 0.399', 'Sabbir: 0.482', 'Sabbir: 0.460', 'Sabbir: 0.445', 'Sabbir: 0.513', 'Saif: 0.662', 'Saif: 0.678', 'Saif: 0.695', 'Saif: 0.621', 'Saif: 0.628', 'Saif: 0.637', 'Sabab: 0.682', 'Sabab: 0.638', 'Sabab: 0.668']
[AI CORE DEBUG] Live face matches: ['Sabbir: 0.411', 'Sabbir: 0.397', 'Sabbir: 0.482', 'Sabbir: 0.457', 'Sabbir: 0.453', 'Sabbir: 0.514', 'Saif: 0.681', 'Saif: 0.699', 'Saif: 0.706', 'Saif: 0.614', 'Saif: 0.634', 'Saif: 0.632', 'Sabab: 0.692', 'Sabab: 0.643', 'Sabab: 0.689']
[AI CORE DEBUG] Live face matches: ['Sabbir: 0.401', 'Sabbir: 0.396', 'Sabbir: 0.494', 'Sabbir: 0.451', 'Sabbir: 0.466', 'Sabbir: 0.495', 'Saif: 0.677', 'Saif: 0.693', 'Saif: 0.681', 'Saif: 0.623', 'Saif: 0.605', 'Saif: 0.625', 'Sabab: 0.693', 'Sabab: 0.627', 'Sabab: 0.688']
[AI CORE DEBUG] Live face matches: ['Sabbir: 0.406', 'Sabbir: 0.417', 'Sabbir: 0.452', 'Sabbir: 0.458', 'Sabbir: 0.460', 'Sabbir: 0.498', 'Saif: 0.677', 'Saif: 0.698', 'Saif: 0.702', 'Saif: 0.615', 'Saif: 0.634', 'Saif: 0.624', 'Sabab: 0.683', 'Sabab: 0.633', 'Sabab: 0.687']
[AI CORE DEBUG] Live face matches: ['Sabbir: 0.349', 'Sabbir: 0.368', 'Sabbir: 0.462', 'Sabbir: 0.428', 'Sabbir: 0.435', 'Sabbir: 0.466', 'Saif: 0.642', 'Saif: 0.664', 'Saif: 0.656', 'Saif: 0.588', 'Saif: 0.582', 'Saif: 0.598', 'Sabab: 0.653', 'Sabab: 0.606', 'Sabab: 0.637']
[AI CORE DEBUG] Live face matches: ['Sabbir: 0.390', 'Sabbir: 0.417', 'Sabbir: 0.438', 'Sabbir: 0.432', 'Sabbir: 0.461', 'Sabbir: 0.487', 'Saif: 0.642', 'Saif: 0.668', 'Saif: 0.653', 'Saif: 0.577', 'Saif: 0.594', 'Saif: 0.595', 'Sabab: 0.657', 'Sabab: 0.589', 'Sabab: 0.667']
[AI CORE DEBUG] Live face matches: ['Sabbir: 0.376', 'Sabbir: 0.391', 'Sabbir: 0.429', 'Sabbir: 0.418', 'Sabbir: 0.458', 'Sabbir: 0.477', 'Saif: 0.638', 'Saif: 0.660', 'Saif: 0.655', 'Saif: 0.575', 'Saif: 0.588', 'Saif: 0.584', 'Sabab: 0.660', 'Sabab: 0.599', 'Sabab: 0.658']
[AI CORE DEBUG] Live face matches: ['Sabbir: 0.364', 'Sabbir: 0.403', 'Sabbir: 0.447', 'Sabbir: 0.432', 'Sabbir: 0.447', 'Sabbir: 0.452', 'Saif: 0.622', 'Saif: 0.650', 'Saif: 0.634', 'Saif: 0.549', 'Saif: 0.575', 'Saif: 0.553', 'Sabab: 0.638', 'Sabab: 0.590', 'Sabab: 0.644']
[AI CORE DEBUG] Live face matches: ['Sabbir: 0.383', 'Sabbir: 0.401', 'Sabbir: 0.467', 'Sabbir: 0.449', 'Sabbir: 0.465', 'Sabbir: 0.490', 'Saif: 0.651', 'Saif: 0.675', 'Saif: 0.662', 'Saif: 0.576', 'Saif: 0.601', 'Saif: 0.577', 'Sabab: 0.661', 'Sabab: 0.607', 'Sabab: 0.663']
[AI CORE DEBUG] Live face matches: ['Sabbir: 0.463', 'Sabbir: 0.485', 'Sabbir: 0.520', 'Sabbir: 0.533', 'Sabbir: 0.522', 'Sabbir: 0.518', 'Saif: 0.663', 'Saif: 0.719', 'Saif: 0.681', 'Saif: 0.599', 'Saif: 0.639', 'Saif: 0.610', 'Sabab: 0.686', 'Sabab: 0.664', 'Sabab: 0.676']
[AI CORE DEBUG] Live face matches: ['Sabbir: 0.682', 'Sabbir: 0.706', 'Sabbir: 0.668', 'Sabbir: 0.714', 'Sabbir: 0.756', 'Sabbir: 0.708', 'Saif: 0.779', 'Saif: 0.759', 'Saif: 0.762', 'Saif: 0.742', 'Saif: 0.707', 'Saif: 0.724', 'Sabab: 0.843', 'Sabab: 0.767', 'Sabab: 0.834']
[AI CORE DEBUG] Live face matches: ['Sabbir: 0.686', 'Sabbir: 0.733', 'Sabbir: 0.671', 'Sabbir: 0.726', 'Sabbir: 0.768', 'Sabbir: 0.720', 'Saif: 0.778', 'Saif: 0.752', 'Saif: 0.759', 'Saif: 0.754', 'Saif: 0.701', 'Saif: 0.721', 'Sabab: 0.844', 'Sabab: 0.785', 'Sabab: 0.850']
[AI CORE DEBUG] Live face matches: ['Sabbir: 0.722', 'Sabbir: 0.771', 'Sabbir: 0.710', 'Sabbir: 0.763', 'Sabbir: 0.796', 'Sabbir: 0.740', 'Saif: 0.821', 'Saif: 0.788', 'Saif: 0.805', 'Saif: 0.793', 'Saif: 0.724', 'Saif: 0.754', 'Sabab: 0.889', 'Sabab: 0.814', 'Sabab: 0.877']
[AI CORE DEBUG] Live face matches: ['Sabbir: 0.672', 'Sabbir: 0.719', 'Sabbir: 0.643', 'Sabbir: 0.721', 'Sabbir: 0.750', 'Sabbir: 0.691', 'Saif: 0.706', 'Saif: 0.658', 'Saif: 0.685', 'Saif: 0.679', 'Saif: 0.622', 'Saif: 0.655', 'Sabab: 0.810', 'Sabab: 0.729', 'Sabab: 0.818']
[AI CORE DEBUG] Live face matches: ['Sabbir: 0.725', 'Sabbir: 0.739', 'Sabbir: 0.720', 'Sabbir: 0.719', 'Sabbir: 0.700', 'Sabbir: 0.697', 'Saif: 0.755', 'Saif: 0.746', 'Saif: 0.753', 'Saif: 0.760', 'Saif: 0.731', 'Saif: 0.749', 'Sabab: 0.774', 'Sabab: 0.714', 'Sabab: 0.767']
[AI CORE DEBUG] Live face matches: ['Sabbir: 0.703', 'Sabbir: 0.687', 'Sabbir: 0.673', 'Sabbir: 0.706', 'Sabbir: 0.644', 'Sabbir: 0.675', 'Saif: 0.732', 'Saif: 0.718', 'Saif: 0.761', 'Saif: 0.769', 'Saif: 0.762', 'Saif: 0.750', 'Sabab: 0.700', 'Sabab: 0.623', 'Sabab: 0.722']
[AI CORE DEBUG] Live face matches: ['Sabbir: 0.639', 'Sabbir: 0.650', 'Sabbir: 0.602', 'Sabbir: 0.697', 'Sabbir: 0.720', 'Sabbir: 0.659', 'Saif: 0.734', 'Saif: 0.730', 'Saif: 0.748', 'Saif: 0.711', 'Saif: 0.687', 'Saif: 0.693', 'Sabab: 0.772', 'Sabab: 0.675', 'Sabab: 0.775']
[AI CORE DEBUG] Live face matches: ['Sabbir: 0.454', 'Sabbir: 0.488', 'Sabbir: 0.423', 'Sabbir: 0.485', 'Sabbir: 0.530', 'Sabbir: 0.460', 'Saif: 0.522', 'Saif: 0.583', 'Saif: 0.562', 'Saif: 0.488', 'Saif: 0.516', 'Saif: 0.517', 'Sabab: 0.646', 'Sabab: 0.604', 'Sabab: 0.613']
[AI CORE DEBUG] Live face matches: ['Sabbir: 0.499', 'Sabbir: 0.538', 'Sabbir: 0.529', 'Sabbir: 0.570', 'Sabbir: 0.602', 'Sabbir: 0.501', 'Saif: 0.558', 'Saif: 0.612', 'Saif: 0.571', 'Saif: 0.494', 'Saif: 0.484', 'Saif: 0.522', 'Sabab: 0.676', 'Sabab: 0.657', 'Sabab: 0.662']
[AI CORE DEBUG] Live face matches: ['Sabbir: 0.435', 'Sabbir: 0.502', 'Sabbir: 0.474', 'Sabbir: 0.508', 'Sabbir: 0.538', 'Sabbir: 0.464', 'Saif: 0.550', 'Saif: 0.611', 'Saif: 0.584', 'Saif: 0.503', 'Saif: 0.500', 'Saif: 0.515', 'Sabab: 0.657', 'Sabab: 0.636', 'Sabab: 0.645']
[AI CORE DEBUG] Live face matches: ['Sabbir: 0.406', 'Sabbir: 0.445', 'Sabbir: 0.494', 'Sabbir: 0.447', 'Sabbir: 0.484', 'Sabbir: 0.401', 'Saif: 0.599', 'Saif: 0.663', 'Saif: 0.640', 'Saif: 0.546', 'Saif: 0.568', 'Saif: 0.565', 'Sabab: 0.657', 'Sabab: 0.620', 'Sabab: 0.636']
[AI CORE DEBUG] Live face matches: ['Sabbir: 0.392', 'Sabbir: 0.411', 'Sabbir: 0.495', 'Sabbir: 0.452', 'Sabbir: 0.483', 'Sabbir: 0.405', 'Saif: 0.575', 'Saif: 0.636', 'Saif: 0.602', 'Saif: 0.516', 'Saif: 0.523', 'Saif: 0.522', 'Sabab: 0.661', 'Sabab: 0.623', 'Sabab: 0.622']
[AI CORE DEBUG] Live face matches: ['Sabbir: 0.724', 'Sabbir: 0.715', 'Sabbir: 0.723', 'Sabbir: 0.701', 'Sabbir: 0.746', 'Sabbir: 0.703', 'Saif: 0.749', 'Saif: 0.724', 'Saif: 0.727', 'Saif: 0.707', 'Saif: 0.632', 'Saif: 0.678', 'Sabab: 0.629', 'Sabab: 0.594', 'Sabab: 0.610']
[AI CORE DEBUG] Live face matches: ['Sabbir: 0.732', 'Sabbir: 0.724', 'Sabbir: 0.753', 'Sabbir: 0.725', 'Sabbir: 0.743', 'Sabbir: 0.707', 'Saif: 0.737', 'Saif: 0.707', 'Saif: 0.709', 'Saif: 0.677', 'Saif: 0.633', 'Saif: 0.648', 'Sabab: 0.617', 'Sabab: 0.594', 'Sabab: 0.627']
[AI CORE DEBUG] Live face matches: ['Sabbir: 0.764', 'Sabbir: 0.759', 'Sabbir: 0.759', 'Sabbir: 0.744', 'Sabbir: 0.762', 'Sabbir: 0.742', 'Saif: 0.750', 'Saif: 0.726', 'Saif: 0.706', 'Saif: 0.671', 'Saif: 0.640', 'Saif: 0.654', 'Sabab: 0.588', 'Sabab: 0.570', 'Sabab: 0.598']
[AI CORE DEBUG] Live face matches: ['Sabbir: 0.676', 'Sabbir: 0.660', 'Sabbir: 0.695', 'Sabbir: 0.673', 'Sabbir: 0.687', 'Sabbir: 0.667', 'Saif: 0.723', 'Saif: 0.691', 'Saif: 0.687', 'Saif: 0.669', 'Saif: 0.605', 'Saif: 0.640', 'Sabab: 0.540', 'Sabab: 0.502', 'Sabab: 0.518']
[AI CORE DEBUG] Live face matches: ['Sabbir: 0.699', 'Sabbir: 0.677', 'Sabbir: 0.733', 'Sabbir: 0.689', 'Sabbir: 0.684', 'Sabbir: 0.679', 'Saif: 0.762', 'Saif: 0.735', 'Saif: 0.734', 'Saif: 0.689', 'Saif: 0.653', 'Saif: 0.683', 'Sabab: 0.554', 'Sabab: 0.529', 'Sabab: 0.527']
[AI CORE DEBUG] Live face matches: ['Sabbir: 0.788', 'Sabbir: 0.776', 'Sabbir: 0.798', 'Sabbir: 0.772', 'Sabbir: 0.783', 'Sabbir: 0.767', 'Saif: 0.778', 'Saif: 0.755', 'Saif: 0.732', 'Saif: 0.715', 'Saif: 0.669', 'Saif: 0.702', 'Sabab: 0.627', 'Sabab: 0.602', 'Sabab: 0.611']
[AI CORE DEBUG] Live face matches: ['Sabbir: 0.751', 'Sabbir: 0.711', 'Sabbir: 0.769', 'Sabbir: 0.737', 'Sabbir: 0.723', 'Sabbir: 0.720', 'Saif: 0.740', 'Saif: 0.744', 'Saif: 0.712', 'Saif: 0.696', 'Saif: 0.665', 'Saif: 0.690', 'Sabab: 0.572', 'Sabab: 0.567', 'Sabab: 0.542']
[AI CORE DEBUG] Live face matches: ['Sabbir: 0.762', 'Sabbir: 0.715', 'Sabbir: 0.786', 'Sabbir: 0.751', 'Sabbir: 0.732', 'Sabbir: 0.739', 'Saif: 0.729', 'Saif: 0.729', 'Saif: 0.702', 'Saif: 0.684', 'Saif: 0.650', 'Saif: 0.671', 'Sabab: 0.548', 'Sabab: 0.560', 'Sabab: 0.530']
[AI CORE DEBUG] Live face matches: ['Sabbir: 0.740', 'Sabbir: 0.699', 'Sabbir: 0.765', 'Sabbir: 0.738', 'Sabbir: 0.717', 'Sabbir: 0.709', 'Saif: 0.713', 'Saif: 0.692', 'Saif: 0.692', 'Saif: 0.684', 'Saif: 0.640', 'Saif: 0.664', 'Sabab: 0.534', 'Sabab: 0.534', 'Sabab: 0.491']
[AI CORE DEBUG] Live face matches: ['Sabbir: 0.760', 'Sabbir: 0.701', 'Sabbir: 0.772', 'Sabbir: 0.746', 'Sabbir: 0.722', 'Sabbir: 0.740', 'Saif: 0.698', 'Saif: 0.686', 'Saif: 0.655', 'Saif: 0.638', 'Saif: 0.613', 'Saif: 0.634', 'Sabab: 0.499', 'Sabab: 0.515', 'Sabab: 0.496']
[AI CORE DEBUG] Live face matches: ['Sabbir: 0.773', 'Sabbir: 0.722', 'Sabbir: 0.767', 'Sabbir: 0.749', 'Sabbir: 0.730', 'Sabbir: 0.738', 'Saif: 0.722', 'Saif: 0.700', 'Saif: 0.686', 'Saif: 0.656', 'Saif: 0.648', 'Saif: 0.654', 'Sabab: 0.501', 'Sabab: 0.516', 'Sabab: 0.482']
[AI CORE DEBUG] Live face matches: ['Sabbir: 0.776', 'Sabbir: 0.723', 'Sabbir: 0.788', 'Sabbir: 0.768', 'Sabbir: 0.728', 'Sabbir: 0.758', 'Saif: 0.745', 'Saif: 0.728', 'Saif: 0.708', 'Saif: 0.678', 'Saif: 0.674', 'Saif: 0.681', 'Sabab: 0.513', 'Sabab: 0.524', 'Sabab: 0.501']
[AI CORE DEBUG] Live face matches: ['Sabbir: 0.745', 'Sabbir: 0.729', 'Sabbir: 0.729', 'Sabbir: 0.756', 'Sabbir: 0.735', 'Sabbir: 0.709', 'Saif: 0.732', 'Saif: 0.724', 'Saif: 0.733', 'Saif: 0.668', 'Saif: 0.662', 'Saif: 0.688', 'Sabab: 0.670', 'Sabab: 0.655', 'Sabab: 0.674']
[AI CORE DEBUG] Live face matches: ['Sabbir: 0.719', 'Sabbir: 0.703', 'Sabbir: 0.755', 'Sabbir: 0.722', 'Sabbir: 0.718', 'Sabbir: 0.691', 'Saif: 0.751', 'Saif: 0.719', 'Saif: 0.716', 'Saif: 0.681', 'Saif: 0.662', 'Saif: 0.678', 'Sabab: 0.589', 'Sabab: 0.558', 'Sabab: 0.574']
[AI CORE DEBUG] Live face matches: ['Sabbir: 0.766', 'Sabbir: 0.747', 'Sabbir: 0.775', 'Sabbir: 0.765', 'Sabbir: 0.761', 'Sabbir: 0.728', 'Saif: 0.772', 'Saif: 0.749', 'Saif: 0.745', 'Saif: 0.707', 'Saif: 0.687', 'Saif: 0.693', 'Sabab: 0.628', 'Sabab: 0.606', 'Sabab: 0.605']
[AI CORE DEBUG] Live face matches: ['Sabbir: 0.753', 'Sabbir: 0.699', 'Sabbir: 0.761', 'Sabbir: 0.731', 'Sabbir: 0.706', 'Sabbir: 0.717', 'Saif: 0.702', 'Saif: 0.690', 'Saif: 0.668', 'Saif: 0.642', 'Saif: 0.640', 'Saif: 0.648', 'Sabab: 0.481', 'Sabab: 0.513', 'Sabab: 0.456']
[AI CORE DEBUG] Live face matches: ['Sabbir: 0.731', 'Sabbir: 0.691', 'Sabbir: 0.750', 'Sabbir: 0.723', 'Sabbir: 0.730', 'Sabbir: 0.712', 'Saif: 0.696', 'Saif: 0.672', 'Saif: 0.655', 'Saif: 0.629', 'Saif: 0.638', 'Saif: 0.640', 'Sabab: 0.501', 'Sabab: 0.489', 'Sabab: 0.476']
[AI CORE DEBUG] Live face matches: ['Sabbir: 0.746', 'Sabbir: 0.718', 'Sabbir: 0.776', 'Sabbir: 0.728', 'Sabbir: 0.762', 'Sabbir: 0.732', 'Saif: 0.716', 'Saif: 0.687', 'Saif: 0.665', 'Saif: 0.653', 'Saif: 0.647', 'Saif: 0.656', 'Sabab: 0.545', 'Sabab: 0.527', 'Sabab: 0.514']
[AI CORE DEBUG] Live face matches: ['Sabbir: 0.653', 'Sabbir: 0.632', 'Sabbir: 0.682', 'Sabbir: 0.645', 'Sabbir: 0.636', 'Sabbir: 0.624', 'Saif: 0.670', 'Saif: 0.671', 'Saif: 0.677', 'Saif: 0.646', 'Saif: 0.604', 'Saif: 0.634', 'Sabab: 0.531', 'Sabab: 0.510', 'Sabab: 0.514']
[AI CORE DEBUG] Live face matches: ['Sabbir: 0.690', 'Sabbir: 0.643', 'Sabbir: 0.719', 'Sabbir: 0.678', 'Sabbir: 0.662', 'Sabbir: 0.658', 'Saif: 0.689', 'Saif: 0.695', 'Saif: 0.698', 'Saif: 0.653', 'Saif: 0.623', 'Saif: 0.654', 'Sabab: 0.551', 'Sabab: 0.545', 'Sabab: 0.521']
[AI CORE DEBUG] Live face matches: ['Sabbir: 0.749', 'Sabbir: 0.731', 'Sabbir: 0.767', 'Sabbir: 0.727', 'Sabbir: 0.722', 'Sabbir: 0.712', 'Saif: 0.735', 'Saif: 0.743', 'Saif: 0.706', 'Saif: 0.674', 'Saif: 0.641', 'Saif: 0.668', 'Sabab: 0.578', 'Sabab: 0.589', 'Sabab: 0.573']
[AI CORE DEBUG] Live face matches: ['Sabbir: 0.683', 'Sabbir: 0.673', 'Sabbir: 0.714', 'Sabbir: 0.681', 'Sabbir: 0.717', 'Sabbir: 0.673', 'Saif: 0.739', 'Saif: 0.726', 'Saif: 0.694', 'Saif: 0.677', 'Saif: 0.642', 'Saif: 0.670', 'Sabab: 0.625', 'Sabab: 0.590', 'Sabab: 0.568']
[AI CORE DEBUG] Live face matches: ['Sabbir: 0.739', 'Sabbir: 0.678', 'Sabbir: 0.754', 'Sabbir: 0.707', 'Sabbir: 0.684', 'Sabbir: 0.717', 'Saif: 0.691', 'Saif: 0.689', 'Saif: 0.661', 'Saif: 0.625', 'Saif: 0.629', 'Saif: 0.644', 'Sabab: 0.438', 'Sabab: 0.464', 'Sabab: 0.434']
[AI CORE DEBUG] Live face matches: ['Sabbir: 0.707', 'Sabbir: 0.668', 'Sabbir: 0.718', 'Sabbir: 0.698', 'Sabbir: 0.693', 'Sabbir: 0.689', 'Saif: 0.672', 'Saif: 0.652', 'Saif: 0.628', 'Saif: 0.616', 'Saif: 0.608', 'Saif: 0.613', 'Sabab: 0.472', 'Sabab: 0.474', 'Sabab: 0.439']
[AI CORE DEBUG] Live face matches: ['Sabbir: 0.812', 'Sabbir: 0.797', 'Sabbir: 0.784', 'Sabbir: 0.784', 'Sabbir: 0.797', 'Sabbir: 0.779', 'Saif: 0.745', 'Saif: 0.719', 'Saif: 0.703', 'Saif: 0.679', 'Saif: 0.666', 'Saif: 0.677', 'Sabab: 0.558', 'Sabab: 0.536', 'Sabab: 0.557']
[AI CORE DEBUG] Live face matches: ['Sabbir: 0.719', 'Sabbir: 0.702', 'Sabbir: 0.728', 'Sabbir: 0.704', 'Sabbir: 0.708', 'Sabbir: 0.697', 'Saif: 0.670', 'Saif: 0.660', 'Saif: 0.646', 'Saif: 0.613', 'Saif: 0.571', 'Saif: 0.608', 'Sabab: 0.522', 'Sabab: 0.535', 'Sabab: 0.525']
[AI CORE DEBUG] Live face matches: ['Sabbir: 0.614', 'Sabbir: 0.597', 'Sabbir: 0.649', 'Sabbir: 0.617', 'Sabbir: 0.633', 'Sabbir: 0.589', 'Saif: 0.597', 'Saif: 0.600', 'Saif: 0.576', 'Saif: 0.563', 'Saif: 0.581', 'Saif: 0.576', 'Sabab: 0.529', 'Sabab: 0.493', 'Sabab: 0.452']
[AI CORE DEBUG] Live face matches: ['Sabbir: 0.722', 'Sabbir: 0.703', 'Sabbir: 0.748', 'Sabbir: 0.714', 'Sabbir: 0.731', 'Sabbir: 0.669', 'Saif: 0.700', 'Saif: 0.720', 'Saif: 0.685', 'Saif: 0.641', 'Saif: 0.629', 'Saif: 0.639', 'Sabab: 0.609', 'Sabab: 0.599', 'Sabab: 0.563']
[AI CORE DEBUG] Live face matches: ['Sabbir: 0.755', 'Sabbir: 0.736', 'Sabbir: 0.771', 'Sabbir: 0.757', 'Sabbir: 0.744', 'Sabbir: 0.713', 'Saif: 0.675', 'Saif: 0.678', 'Saif: 0.648', 'Saif: 0.625', 'Saif: 0.615', 'Saif: 0.619', 'Sabab: 0.594', 'Sabab: 0.602', 'Sabab: 0.601']
[AI CORE DEBUG] Live face matches: ['Sabbir: 0.707', 'Sabbir: 0.670', 'Sabbir: 0.733', 'Sabbir: 0.700', 'Sabbir: 0.672', 'Sabbir: 0.668', 'Saif: 0.640', 'Saif: 0.626', 'Saif: 0.611', 'Saif: 0.586', 'Saif: 0.606', 'Saif: 0.593', 'Sabab: 0.428', 'Sabab: 0.454', 'Sabab: 0.419']
[AI CORE DEBUG] Live face matches: ['Sabbir: 0.721', 'Sabbir: 0.680', 'Sabbir: 0.748', 'Sabbir: 0.706', 'Sabbir: 0.683', 'Sabbir: 0.685', 'Saif: 0.652', 'Saif: 0.633', 'Saif: 0.614', 'Saif: 0.581', 'Saif: 0.599', 'Saif: 0.586', 'Sabab: 0.428', 'Sabab: 0.465', 'Sabab: 0.448']
[AI CORE DEBUG] Live face matches: ['Sabbir: 0.708', 'Sabbir: 0.665', 'Sabbir: 0.720', 'Sabbir: 0.679', 'Sabbir: 0.657', 'Sabbir: 0.684', 'Saif: 0.642', 'Saif: 0.636', 'Saif: 0.626', 'Saif: 0.581', 'Saif: 0.591', 'Saif: 0.597', 'Sabab: 0.386', 'Sabab: 0.441', 'Sabab: 0.430']
[AI CORE DEBUG] Live face matches: ['Sabbir: 0.721', 'Sabbir: 0.687', 'Sabbir: 0.745', 'Sabbir: 0.699', 'Sabbir: 0.676', 'Sabbir: 0.679', 'Saif: 0.644', 'Saif: 0.629', 'Saif: 0.616', 'Saif: 0.580', 'Saif: 0.590', 'Saif: 0.598', 'Sabab: 0.411', 'Sabab: 0.462', 'Sabab: 0.452']
[AI CORE DEBUG] Live face matches: ['Sabbir: 0.709', 'Sabbir: 0.670', 'Sabbir: 0.735', 'Sabbir: 0.705', 'Sabbir: 0.689', 'Sabbir: 0.687', 'Saif: 0.649', 'Saif: 0.606', 'Saif: 0.613', 'Saif: 0.581', 'Saif: 0.596', 'Saif: 0.592', 'Sabab: 0.434', 'Sabab: 0.447', 'Sabab: 0.424']
[AI CORE DEBUG] Live face matches: ['Sabbir: 0.707', 'Sabbir: 0.667', 'Sabbir: 0.715', 'Sabbir: 0.683', 'Sabbir: 0.676', 'Sabbir: 0.669', 'Saif: 0.627', 'Saif: 0.601', 'Saif: 0.590', 'Saif: 0.556', 'Saif: 0.568', 'Saif: 0.573', 'Sabab: 0.427', 'Sabab: 0.462', 'Sabab: 0.439']
[AI CORE DEBUG] Live face matches: ['Sabbir: 0.706', 'Sabbir: 0.699', 'Sabbir: 0.720', 'Sabbir: 0.698', 'Sabbir: 0.721', 'Sabbir: 0.665', 'Saif: 0.705', 'Saif: 0.678', 'Saif: 0.676', 'Saif: 0.652', 'Saif: 0.616', 'Saif: 0.631', 'Sabab: 0.551', 'Sabab: 0.537', 'Sabab: 0.553']
[AI CORE DEBUG] Live face matches: ['Sabbir: 0.743', 'Sabbir: 0.770', 'Sabbir: 0.788', 'Sabbir: 0.786', 'Sabbir: 0.823', 'Sabbir: 0.752', 'Saif: 0.824', 'Saif: 0.816', 'Saif: 0.817', 'Saif: 0.822', 'Saif: 0.802', 'Saif: 0.777', 'Sabab: 0.898', 'Sabab: 0.849', 'Sabab: 0.855']
[AI CORE DEBUG] Live face matches: ['Sabbir: 0.700', 'Sabbir: 0.720', 'Sabbir: 0.675', 'Sabbir: 0.740', 'Sabbir: 0.752', 'Sabbir: 0.706', 'Saif: 0.761', 'Saif: 0.721', 'Saif: 0.737', 'Saif: 0.726', 'Saif: 0.661', 'Saif: 0.692', 'Sabab: 0.836', 'Sabab: 0.753', 'Sabab: 0.833']
[AI CORE DEBUG] Live face matches: ['Sabbir: 0.671', 'Sabbir: 0.709', 'Sabbir: 0.675', 'Sabbir: 0.728', 'Sabbir: 0.759', 'Sabbir: 0.715', 'Saif: 0.754', 'Saif: 0.732', 'Saif: 0.723', 'Saif: 0.733', 'Saif: 0.658', 'Saif: 0.686', 'Sabab: 0.842', 'Sabab: 0.773', 'Sabab: 0.832']
[AI CORE DEBUG] Live face matches: ['Sabbir: 0.438', 'Sabbir: 0.457', 'Sabbir: 0.499', 'Sabbir: 0.458', 'Sabbir: 0.433', 'Sabbir: 0.446', 'Saif: 0.595', 'Saif: 0.627', 'Saif: 0.633', 'Saif: 0.597', 'Saif: 0.605', 'Saif: 0.575', 'Sabab: 0.577', 'Sabab: 0.554', 'Sabab: 0.594']
[AI CORE DEBUG] Live face matches: ['Sabbir: 0.423', 'Sabbir: 0.457', 'Sabbir: 0.500', 'Sabbir: 0.476', 'Sabbir: 0.499', 'Sabbir: 0.514', 'Saif: 0.666', 'Saif: 0.674', 'Saif: 0.689', 'Saif: 0.626', 'Saif: 0.660', 'Saif: 0.646', 'Sabab: 0.627', 'Sabab: 0.567', 'Sabab: 0.638']
[AI CORE DEBUG] Live face matches: ['Sabbir: 0.468', 'Sabbir: 0.529', 'Sabbir: 0.472', 'Sabbir: 0.463', 'Sabbir: 0.531', 'Sabbir: 0.490', 'Saif: 0.661', 'Saif: 0.660', 'Saif: 0.664', 'Saif: 0.605', 'Saif: 0.627', 'Saif: 0.627', 'Sabab: 0.643', 'Sabab: 0.604', 'Sabab: 0.659']
[AI CORE DEBUG] Live face matches: ['Sabbir: 0.346', 'Sabbir: 0.389', 'Sabbir: 0.431', 'Sabbir: 0.399', 'Sabbir: 0.427', 'Sabbir: 0.428', 'Saif: 0.655', 'Saif: 0.667', 'Saif: 0.664', 'Saif: 0.590', 'Saif: 0.622', 'Saif: 0.618', 'Sabab: 0.637', 'Sabab: 0.587', 'Sabab: 0.601']
[AI CORE DEBUG] Live face matches: ['Sabbir: 0.338', 'Sabbir: 0.387', 'Sabbir: 0.445', 'Sabbir: 0.411', 'Sabbir: 0.426', 'Sabbir: 0.376', 'Saif: 0.611', 'Saif: 0.635', 'Saif: 0.624', 'Saif: 0.551', 'Saif: 0.585', 'Saif: 0.578', 'Sabab: 0.618', 'Sabab: 0.592', 'Sabab: 0.583']
[AI CORE DEBUG] Live face matches: ['Sabbir: 0.641', 'Sabbir: 0.657', 'Sabbir: 0.656', 'Sabbir: 0.660', 'Sabbir: 0.667', 'Sabbir: 0.607', 'Saif: 0.668', 'Saif: 0.660', 'Saif: 0.682', 'Saif: 0.629', 'Saif: 0.610', 'Saif: 0.630', 'Sabab: 0.628', 'Sabab: 0.605', 'Sabab: 0.644']
[AI CORE DEBUG] Live face matches: ['Sabbir: 0.663', 'Sabbir: 0.687', 'Sabbir: 0.686', 'Sabbir: 0.695', 'Sabbir: 0.710', 'Sabbir: 0.635', 'Saif: 0.717', 'Saif: 0.699', 'Saif: 0.714', 'Saif: 0.664', 'Saif: 0.648', 'Saif: 0.652', 'Sabab: 0.701', 'Sabab: 0.665', 'Sabab: 0.695']
[AI CORE DEBUG] Live face matches: ['Sabbir: 0.720', 'Sabbir: 0.698', 'Sabbir: 0.737', 'Sabbir: 0.703', 'Sabbir: 0.688', 'Sabbir: 0.661', 'Saif: 0.681', 'Saif: 0.687', 'Saif: 0.677', 'Saif: 0.646', 'Saif: 0.634', 'Saif: 0.627', 'Sabab: 0.520', 'Sabab: 0.525', 'Sabab: 0.532']
[AI CORE DEBUG] Live face matches: ['Sabbir: 0.723', 'Sabbir: 0.695', 'Sabbir: 0.744', 'Sabbir: 0.703', 'Sabbir: 0.697', 'Sabbir: 0.674', 'Saif: 0.595', 'Saif: 0.604', 'Saif: 0.592', 'Saif: 0.564', 'Saif: 0.580', 'Saif: 0.577', 'Sabab: 0.476', 'Sabab: 0.495', 'Sabab: 0.474']
[AI CORE DEBUG] Live face matches: ['Sabbir: 0.699', 'Sabbir: 0.658', 'Sabbir: 0.731', 'Sabbir: 0.681', 'Sabbir: 0.645', 'Sabbir: 0.654', 'Saif: 0.560', 'Saif: 0.595', 'Saif: 0.558', 'Saif: 0.515', 'Saif: 0.526', 'Saif: 0.524', 'Sabab: 0.414', 'Sabab: 0.486', 'Sabab: 0.437']
[AI CORE DEBUG] Live face matches: ['Sabbir: 0.667', 'Sabbir: 0.653', 'Sabbir: 0.720', 'Sabbir: 0.668', 'Sabbir: 0.663', 'Sabbir: 0.655', 'Saif: 0.607', 'Saif: 0.587', 'Saif: 0.575', 'Saif: 0.561', 'Saif: 0.543', 'Saif: 0.547', 'Sabab: 0.441', 'Sabab: 0.446', 'Sabab: 0.445']
[AI CORE DEBUG] Live face matches: ['Sabbir: 0.348', 'Sabbir: 0.383', 'Sabbir: 0.514', 'Sabbir: 0.433', 'Sabbir: 0.431', 'Sabbir: 0.411', 'Saif: 0.641', 'Saif: 0.628', 'Saif: 0.644', 'Saif: 0.577', 'Saif: 0.606', 'Saif: 0.603', 'Sabab: 0.602', 'Sabab: 0.538', 'Sabab: 0.583']
[AI CORE DEBUG] Live face matches: ['Sabbir: 0.332', 'Sabbir: 0.381', 'Sabbir: 0.477', 'Sabbir: 0.419', 'Sabbir: 0.429', 'Sabbir: 0.401', 'Saif: 0.653', 'Saif: 0.642', 'Saif: 0.653', 'Saif: 0.586', 'Saif: 0.615', 'Saif: 0.616', 'Sabab: 0.599', 'Sabab: 0.533', 'Sabab: 0.576']
[AI CORE DEBUG] Live face matches: ['Sabbir: 0.693', 'Sabbir: 0.660', 'Sabbir: 0.725', 'Sabbir: 0.674', 'Sabbir: 0.680', 'Sabbir: 0.658', 'Saif: 0.592', 'Saif: 0.596', 'Saif: 0.561', 'Saif: 0.533', 'Saif: 0.532', 'Saif: 0.532', 'Sabab: 0.420', 'Sabab: 0.456', 'Sabab: 0.434']
[AI CORE DEBUG] Live face matches: ['Sabbir: 0.330', 'Sabbir: 0.376', 'Sabbir: 0.490', 'Sabbir: 0.442', 'Sabbir: 0.446', 'Sabbir: 0.422', 'Saif: 0.644', 'Saif: 0.631', 'Saif: 0.651', 'Saif: 0.591', 'Saif: 0.627', 'Saif: 0.615', 'Sabab: 0.607', 'Sabab: 0.547', 'Sabab: 0.584']
[AI CORE DEBUG] Live face matches: ['Sabbir: 0.678', 'Sabbir: 0.631', 'Sabbir: 0.709', 'Sabbir: 0.650', 'Sabbir: 0.634', 'Sabbir: 0.654', 'Saif: 0.578', 'Saif: 0.600', 'Saif: 0.562', 'Saif: 0.535', 'Saif: 0.535', 'Saif: 0.546', 'Sabab: 0.385', 'Sabab: 0.445', 'Sabab: 0.428']
[AI CORE DEBUG] Live face matches: ['Sabbir: 0.648', 'Sabbir: 0.637', 'Sabbir: 0.706', 'Sabbir: 0.663', 'Sabbir: 0.675', 'Sabbir: 0.620', 'Saif: 0.687', 'Saif: 0.643', 'Saif: 0.640', 'Saif: 0.632', 'Saif: 0.603', 'Saif: 0.619', 'Sabab: 0.563', 'Sabab: 0.532', 'Sabab: 0.544']
[AI CORE DEBUG] Live face matches: ['Sabbir: 0.681', 'Sabbir: 0.687', 'Sabbir: 0.639', 'Sabbir: 0.681', 'Sabbir: 0.699', 'Sabbir: 0.695', 'Saif: 0.742', 'Saif: 0.696', 'Saif: 0.732', 'Saif: 0.714', 'Saif: 0.710', 'Saif: 0.687', 'Sabab: 0.702', 'Sabab: 0.634', 'Sabab: 0.715']
